
> agents-playground@0.1.0 dev
> next dev

  ▲ Next.js 14.2.21
  - Local:        http://localhost:3000
  - Environments: .env.local

 ✓ Starting...
 ✓ Ready in 4.4s
 ○ Compiling / ...
 ✓ Compiled / in 6.3s (331 modules)
 GET / 200 in 6586ms
 GET / 200 in 68ms
 GET / 200 in 13ms
 GET / 200 in 23ms
 ⚠ The "images.domains" configuration is deprecated. Please use "images.remotePatterns" configuration instead.
 ✓ Compiled /api/token in 270ms (101 modules)
 GET /api/token?roomName=both-21-1-BARWOOD+%26+REGENCY+TAXI-be5KK&participantName=BARWOOD+%26+REGENCY+TAXI&metadata=%7B%22phoneNo%22%3A%22%22%2C%22clientID%22%3A%22%22%2C%22userID%22%3A%22%22%2C%22affiliateId%22%3A%2221%22%2C%22familyId%22%3A%221%22%2C%22affiliateName%22%3A%22BARWOOD+%26+REGENCY+TAXI%22%7D 200 in 442ms
   Reload env: .env.local
 ✓ Compiled in 1077ms (331 modules)
 GET / 200 in 54ms
 GET / 200 in 58ms
 GET / 200 in 21ms
 GET / 200 in 14ms
 GET / 200 in 34ms
 ✓ Compiled /api/token in 90ms (101 modules)
 GET /api/token?roomName=both-21-1-BARWOOD+%26+REGENCY+TAXI-6kvG0&participantName=BARWOOD+%26+REGENCY+TAXI&metadata=%7B%22phoneNo%22%3A%22%22%2C%22clientID%22%3A%22%22%2C%22userID%22%3A%22%22%2C%22affiliateId%22%3A%2221%22%2C%22familyId%22%3A%221%22%2C%22affiliateName%22%3A%22BARWOOD+%26+REGENCY+TAXI%22%7D 200 in 114ms
 GET /api/token?roomName=both-21-1-BARWOOD+%26+REGENCY+TAXI-st5fD&participantName=BARWOOD+%26+REGENCY+TAXI&metadata=%7B%22phoneNo%22%3A%22%22%2C%22clientID%22%3A%22%22%2C%22userID%22%3A%22%22%2C%22affiliateId%22%3A%2221%22%2C%22familyId%22%3A%221%22%2C%22affiliateName%22%3A%22BARWOOD+%26+REGENCY+TAXI%22%7D 200 in 10ms
 GET / 200 in 69ms
 GET / 200 in 13ms
 ✓ Compiled /_error in 291ms (333 modules)
 GET / 404 in 310ms
 GET / 404 in 9ms
